120215  1:14:01 [Note] Plugin 'FEDERATED' is disabled.
120215  1:14:01 InnoDB: The InnoDB memory heap is disabled
120215  1:14:01 InnoDB: Mutexes and rw_locks use Windows interlocked functions
120215  1:14:01 InnoDB: Compressed tables use zlib 1.2.3
120215  1:14:01 InnoDB: Initializing buffer pool, size = 128.0M
120215  1:14:01 InnoDB: Completed initialization of buffer pool
InnoDB: The first specified data file E:\Development\Usbwebserver\V8\Release\8.5\mysql\data\ibdata1 did not exist:
InnoDB: a new database to be created!
120215  1:14:01  InnoDB: Setting file E:\Development\Usbwebserver\V8\Release\8.5\mysql\data\ibdata1 size to 10 MB
InnoDB: Database physically writes the file full: wait...
120215  1:14:01  InnoDB: Log file E:\Development\Usbwebserver\V8\Release\8.5\mysql\data\ib_logfile0 did not exist: new to be created
InnoDB: Setting log file E:\Development\Usbwebserver\V8\Release\8.5\mysql\data\ib_logfile0 size to 5 MB
InnoDB: Database physically writes the file full: wait...
120215  1:14:01  InnoDB: Log file E:\Development\Usbwebserver\V8\Release\8.5\mysql\data\ib_logfile1 did not exist: new to be created
InnoDB: Setting log file E:\Development\Usbwebserver\V8\Release\8.5\mysql\data\ib_logfile1 size to 5 MB
InnoDB: Database physically writes the file full: wait...
InnoDB: Doublewrite buffer not found: creating new
InnoDB: Doublewrite buffer created
InnoDB: 127 rollback segment(s) active.
InnoDB: Creating foreign key constraint system tables
InnoDB: Foreign key constraint system tables created
120215  1:14:02  InnoDB: Waiting for the background threads to start
120215  1:14:03 InnoDB: 1.1.8 started; log sequence number 0
120215  1:14:05 [Note] Event Scheduler: Loaded 0 events
120215  1:14:05 [Note] E:\Development\Usbwebserver\V8\Release\8.5/mysql/bin/mysqld_usbwv8.exe: ready for connections.
Version: '5.5.20'  socket: ''  port: 3307  MySQL Community Server (GPL)
