::1 - - [15/Jan/2012:19:48:14 +0100] "GET / HTTP/1.1" 302 150
::1 - - [15/Jan/2012:19:48:14 +0100] "GET /nl/ HTTP/1.1" 200 4557
::1 - - [15/Jan/2012:19:48:14 +0100] "GET /nl/%3C?=%20URL%20?%3Estyle.css HTTP/1.1" 403 209
::1 - - [15/Jan/2012:19:48:14 +0100] "GET /nl/%3C?=%20URL%20?%3Ejavascript.js HTTP/1.1" 403 209
::1 - - [15/Jan/2012:19:48:14 +0100] "GET /nl/%3C?=%20URL%20?%3Eimages/header.png HTTP/1.1" 403 209
::1 - - [15/Jan/2012:19:48:14 +0100] "GET /nl/%3C?=%20URL%20?%3Eimages/flags/nl.png HTTP/1.1" 403 209
::1 - - [15/Jan/2012:19:48:14 +0100] "GET /nl/'.URL%20.'images/flags/'.$l.'.png HTTP/1.1" 404 232
::1 - - [15/Jan/2012:19:48:14 +0100] "GET /favicon.ico HTTP/1.1" 404 209
::1 - - [15/Jan/2012:19:48:23 +0100] "GET /phpmyinfo.php HTTP/1.1" 404 211
::1 - - [15/Jan/2012:19:48:23 +0100] "GET /favicon.ico HTTP/1.1" 404 209
::1 - - [15/Jan/2012:19:48:27 +0100] "GET /phpinfo.php HTTP/1.1" 200 77263
::1 - - [15/Jan/2012:19:48:27 +0100] "GET /phpinfo.php?=PHPE9568F34-D428-11d2-A769-00AA001ACF42 HTTP/1.1" 200 2524
::1 - - [15/Jan/2012:19:48:27 +0100] "GET /phpinfo.php?=PHPE9568F35-D428-11d2-A769-00AA001ACF42 HTTP/1.1" 200 2146
::1 - - [15/Jan/2012:19:48:27 +0100] "GET /favicon.ico HTTP/1.1" 404 209
::1 - - [15/Jan/2012:20:09:29 +0100] "GET /phpmyadmin HTTP/1.1" 301 241
::1 - - [15/Jan/2012:20:09:29 +0100] "GET /phpmyadmin/ HTTP/1.1" 200 7078
::1 - - [15/Jan/2012:20:09:29 +0100] "GET /phpmyadmin/themes/pmahomme/jquery/jquery-ui-1.8.custom.css HTTP/1.1" 200 30846
::1 - - [15/Jan/2012:20:09:29 +0100] "GET /phpmyadmin/js/cross_framing_protection.js?ts=1324476472 HTTP/1.1" 200 331
::1 - - [15/Jan/2012:20:09:29 +0100] "GET /phpmyadmin/phpmyadmin.css.php?server=1&token=15c9643013cd5f3a3af7fe618aef773b&js_frame=right&nocache=3975607598 HTTP/1.1" 200 41672
::1 - - [15/Jan/2012:20:09:29 +0100] "GET /phpmyadmin/js/update-location.js?ts=1324476472 HTTP/1.1" 200 758
::1 - - [15/Jan/2012:20:09:29 +0100] "GET /phpmyadmin/js/jquery/jquery.qtip-1.0.0.min.js?ts=1324476472 HTTP/1.1" 200 38434
::1 - - [15/Jan/2012:20:09:29 +0100] "GET /phpmyadmin/js/functions.js?ts=1324476472 HTTP/1.1" 200 31563
::1 - - [15/Jan/2012:20:09:29 +0100] "GET /phpmyadmin/js/jquery/jquery-1.4.4.js?ts=1324476472 HTTP/1.1" 200 78268
::1 - - [15/Jan/2012:20:09:29 +0100] "GET /phpmyadmin/js/messages.php?lang=en&db=&token=15c9643013cd5f3a3af7fe618aef773b HTTP/1.1" 200 4934
::1 - - [15/Jan/2012:20:09:29 +0100] "GET /phpmyadmin/themes/pmahomme/img/logo_right.png HTTP/1.1" 200 4921
::1 - - [15/Jan/2012:20:09:29 +0100] "GET /phpmyadmin/themes/pmahomme/img/input_bg.gif HTTP/1.1" 200 162
::1 - - [15/Jan/2012:20:09:29 +0100] "GET /phpmyadmin/themes/pmahomme/img/b_help.png HTTP/1.1" 200 1594
::1 - - [15/Jan/2012:20:10:28 +0100] "GET /favicon.ico HTTP/1.1" 404 209
::1 - - [15/Jan/2012:20:11:33 +0100] "GET /favicon.ico HTTP/1.1" 404 209
::1 - - [15/Jan/2012:20:12:57 +0100] "GET /phpmyadmin/ HTTP/1.1" 200 7401
::1 - - [15/Jan/2012:20:12:57 +0100] "GET /phpmyadmin/themes/pmahomme/jquery/jquery-ui-1.8.custom.css HTTP/1.1" 304 -
::1 - - [15/Jan/2012:20:12:57 +0100] "GET /phpmyadmin/js/update-location.js?ts=1324476472 HTTP/1.1" 304 -
::1 - - [15/Jan/2012:20:12:57 +0100] "GET /phpmyadmin/js/jquery/jquery-1.4.4.js?ts=1324476472 HTTP/1.1" 304 -
::1 - - [15/Jan/2012:20:12:57 +0100] "GET /phpmyadmin/js/cross_framing_protection.js?ts=1324476472 HTTP/1.1" 304 -
::1 - - [15/Jan/2012:20:12:57 +0100] "GET /phpmyadmin/js/functions.js?ts=1324476472 HTTP/1.1" 304 -
::1 - - [15/Jan/2012:20:12:57 +0100] "GET /phpmyadmin/js/jquery/jquery.qtip-1.0.0.min.js?ts=1324476472 HTTP/1.1" 304 -
::1 - - [15/Jan/2012:20:12:57 +0100] "GET /phpmyadmin/phpmyadmin.css.php?server=1&token=09bcf007f2cacba6e9b823575aed917e&js_frame=right&nocache=3975607598 HTTP/1.1" 200 41672
::1 - - [15/Jan/2012:20:12:57 +0100] "GET /phpmyadmin/js/messages.php?lang=en&db=&token=09bcf007f2cacba6e9b823575aed917e HTTP/1.1" 200 4934
::1 - - [15/Jan/2012:20:12:58 +0100] "GET /phpmyadmin/themes/pmahomme/img/input_bg.gif HTTP/1.1" 304 -
::1 - - [15/Jan/2012:20:12:58 +0100] "GET /phpmyadmin/themes/pmahomme/img/logo_right.png HTTP/1.1" 304 -
::1 - - [15/Jan/2012:20:12:58 +0100] "GET /phpmyadmin/themes/pmahomme/img/b_help.png HTTP/1.1" 304 -
::1 - - [15/Jan/2012:20:12:58 +0100] "GET /phpmyadmin/print.css HTTP/1.1" 200 1064
::1 - - [15/Jan/2012:20:13:55 +0100] "GET /phpmyadmin/ HTTP/1.1" 200 7310
::1 - - [15/Jan/2012:20:13:55 +0100] "GET /phpmyadmin/themes/pmahomme/jquery/jquery-ui-1.8.custom.css HTTP/1.1" 304 -
::1 - - [15/Jan/2012:20:13:55 +0100] "GET /phpmyadmin/js/jquery/jquery-1.4.4.js?ts=1324476472 HTTP/1.1" 304 -
::1 - - [15/Jan/2012:20:13:55 +0100] "GET /phpmyadmin/js/update-location.js?ts=1324476472 HTTP/1.1" 304 -
::1 - - [15/Jan/2012:20:13:55 +0100] "GET /phpmyadmin/js/functions.js?ts=1324476472 HTTP/1.1" 304 -
::1 - - [15/Jan/2012:20:13:55 +0100] "GET /phpmyadmin/js/cross_framing_protection.js?ts=1324476472 HTTP/1.1" 304 -
::1 - - [15/Jan/2012:20:13:55 +0100] "GET /phpmyadmin/js/jquery/jquery.qtip-1.0.0.min.js?ts=1324476472 HTTP/1.1" 304 -
::1 - - [15/Jan/2012:20:13:55 +0100] "GET /phpmyadmin/phpmyadmin.css.php?server=1&token=5d28a101f391ff3f31e57ac4f4895b52&js_frame=right&nocache=3975607598 HTTP/1.1" 200 41672
::1 - - [15/Jan/2012:20:13:55 +0100] "GET /phpmyadmin/js/messages.php?lang=en&db=&token=5d28a101f391ff3f31e57ac4f4895b52 HTTP/1.1" 200 4934
::1 - - [15/Jan/2012:20:13:55 +0100] "GET /phpmyadmin/themes/pmahomme/img/logo_right.png HTTP/1.1" 304 -
::1 - - [15/Jan/2012:20:13:55 +0100] "GET /phpmyadmin/themes/pmahomme/img/input_bg.gif HTTP/1.1" 304 -
::1 - - [15/Jan/2012:20:13:55 +0100] "GET /phpmyadmin/themes/pmahomme/img/b_help.png HTTP/1.1" 304 -
::1 - - [15/Jan/2012:20:13:55 +0100] "GET /phpmyadmin/print.css HTTP/1.1" 304 -
::1 - - [15/Jan/2012:20:14:16 +0100] "POST /phpmyadmin/index.php HTTP/1.1" 200 7358
::1 - - [15/Jan/2012:20:14:16 +0100] "GET /phpmyadmin/phpmyadmin.css.php?server=1&token=63848191f44399cd6a39c9b9e66a0f07&js_frame=right&nocache=3975607598 HTTP/1.1" 200 41672
::1 - - [15/Jan/2012:20:14:16 +0100] "GET /phpmyadmin/js/messages.php?lang=nl&db=&token=63848191f44399cd6a39c9b9e66a0f07 HTTP/1.1" 200 5280
::1 - - [15/Jan/2012:20:14:31 +0100] "POST /phpmyadmin/index.php HTTP/1.1" 200 7371
::1 - - [15/Jan/2012:20:14:31 +0100] "GET /phpmyadmin/js/cross_framing_protection.js?ts=1324476472 HTTP/1.1" 304 -
::1 - - [15/Jan/2012:20:14:31 +0100] "GET /phpmyadmin/js/functions.js?ts=1324476472 HTTP/1.1" 304 -
::1 - - [15/Jan/2012:20:14:31 +0100] "GET /phpmyadmin/themes/pmahomme/jquery/jquery-ui-1.8.custom.css HTTP/1.1" 304 -
::1 - - [15/Jan/2012:20:14:31 +0100] "GET /phpmyadmin/js/jquery/jquery-1.4.4.js?ts=1324476472 HTTP/1.1" 304 -
::1 - - [15/Jan/2012:20:14:31 +0100] "GET /phpmyadmin/js/update-location.js?ts=1324476472 HTTP/1.1" 304 -
::1 - - [15/Jan/2012:20:14:31 +0100] "GET /phpmyadmin/js/jquery/jquery.qtip-1.0.0.min.js?ts=1324476472 HTTP/1.1" 304 -
::1 - - [15/Jan/2012:20:14:31 +0100] "GET /phpmyadmin/phpmyadmin.css.php?server=1&token=28799bd692621615cf185eed42d1e1f2&js_frame=right&nocache=3975607598 HTTP/1.1" 200 41672
::1 - - [15/Jan/2012:20:14:31 +0100] "GET /phpmyadmin/js/messages.php?lang=nl&db=&token=28799bd692621615cf185eed42d1e1f2 HTTP/1.1" 200 5280
::1 - - [15/Jan/2012:20:14:31 +0100] "GET /phpmyadmin/themes/pmahomme/img/input_bg.gif HTTP/1.1" 304 -
::1 - - [15/Jan/2012:20:14:31 +0100] "GET /phpmyadmin/themes/pmahomme/img/b_help.png HTTP/1.1" 304 -
::1 - - [15/Jan/2012:20:14:31 +0100] "GET /phpmyadmin/themes/pmahomme/img/logo_right.png HTTP/1.1" 304 -
::1 - - [15/Jan/2012:20:14:31 +0100] "GET /phpmyadmin/print.css HTTP/1.1" 304 -
::1 - - [15/Jan/2012:20:14:59 +0100] "POST /phpmyadmin/index.php HTTP/1.1" 200 7395
::1 - - [15/Jan/2012:20:14:59 +0100] "GET /phpmyadmin/themes/pmahomme/jquery/jquery-ui-1.8.custom.css HTTP/1.1" 304 -
::1 - - [15/Jan/2012:20:14:59 +0100] "GET /phpmyadmin/js/update-location.js?ts=1324476472 HTTP/1.1" 304 -
::1 - - [15/Jan/2012:20:14:59 +0100] "GET /phpmyadmin/js/jquery/jquery-1.4.4.js?ts=1324476472 HTTP/1.1" 304 -
::1 - - [15/Jan/2012:20:14:59 +0100] "GET /phpmyadmin/js/cross_framing_protection.js?ts=1324476472 HTTP/1.1" 304 -
::1 - - [15/Jan/2012:20:14:59 +0100] "GET /phpmyadmin/js/functions.js?ts=1324476472 HTTP/1.1" 304 -
::1 - - [15/Jan/2012:20:14:59 +0100] "GET /phpmyadmin/js/jquery/jquery.qtip-1.0.0.min.js?ts=1324476472 HTTP/1.1" 304 -
::1 - - [15/Jan/2012:20:14:59 +0100] "GET /phpmyadmin/phpmyadmin.css.php?server=1&token=8c127a1932e7c5255aac7268f8c5ae7b&js_frame=right&nocache=3975607598 HTTP/1.1" 200 41672
::1 - - [15/Jan/2012:20:14:59 +0100] "GET /phpmyadmin/js/messages.php?lang=nl&db=&token=8c127a1932e7c5255aac7268f8c5ae7b HTTP/1.1" 200 5280
::1 - - [15/Jan/2012:20:15:00 +0100] "GET /phpmyadmin/themes/pmahomme/img/logo_right.png HTTP/1.1" 304 -
::1 - - [15/Jan/2012:20:15:00 +0100] "GET /phpmyadmin/themes/pmahomme/img/b_help.png HTTP/1.1" 304 -
::1 - - [15/Jan/2012:20:15:00 +0100] "GET /phpmyadmin/themes/pmahomme/img/input_bg.gif HTTP/1.1" 304 -
::1 - - [15/Jan/2012:20:15:00 +0100] "GET /phpmyadmin/print.css HTTP/1.1" 304 -
::1 - - [15/Jan/2012:20:15:10 +0100] "POST /phpmyadmin/index.php HTTP/1.1" 302 -
::1 - - [15/Jan/2012:20:15:10 +0100] "GET /phpmyadmin/index.php?token=8c127a1932e7c5255aac7268f8c5ae7b HTTP/1.1" 200 7462
::1 - - [15/Jan/2012:20:15:10 +0100] "GET /phpmyadmin/themes/pmahomme/img/s_error.png HTTP/1.1" 200 701
::1 - - [15/Jan/2012:20:15:12 +0100] "POST /phpmyadmin/index.php HTTP/1.1" 302 -
::1 - - [15/Jan/2012:20:15:12 +0100] "GET /phpmyadmin/index.php?token=8c127a1932e7c5255aac7268f8c5ae7b HTTP/1.1" 200 2609
::1 - - [15/Jan/2012:20:15:12 +0100] "GET /phpmyadmin/js/common.js?ts=1324476472 HTTP/1.1" 200 5294
::1 - - [15/Jan/2012:20:15:12 +0100] "GET /phpmyadmin/navigation.php?token=8c127a1932e7c5255aac7268f8c5ae7b HTTP/1.1" 200 4057
::1 - - [15/Jan/2012:20:15:13 +0100] "GET /phpmyadmin/js/jquery/jquery-1.4.4.js HTTP/1.1" 200 78268
::1 - - [15/Jan/2012:20:15:12 +0100] "GET /phpmyadmin/main.php?token=8c127a1932e7c5255aac7268f8c5ae7b HTTP/1.1" 200 38852
::1 - - [15/Jan/2012:20:15:13 +0100] "GET /phpmyadmin/js/jquery/jquery.sprintf.js?ts=1324476472 HTTP/1.1" 200 987
::1 - - [15/Jan/2012:20:15:13 +0100] "GET /phpmyadmin/js/config.js?ts=1324476472 HTTP/1.1" 200 9480
::1 - - [15/Jan/2012:20:15:13 +0100] "GET /phpmyadmin/js/jquery/jquery-ui-1.8.custom.js?ts=1324476472 HTTP/1.1" 200 190765
::1 - - [15/Jan/2012:20:15:13 +0100] "GET /phpmyadmin/phpmyadmin.css.php?token=8c127a1932e7c5255aac7268f8c5ae7b&js_frame=left&nocache=5302262510 HTTP/1.1" 200 5861
::1 - - [15/Jan/2012:20:15:13 +0100] "GET /phpmyadmin/themes/pmahomme/img/left_nav_bg.png HTTP/1.1" 200 215
::1 - - [15/Jan/2012:20:15:13 +0100] "GET /phpmyadmin/themes/pmahomme/img/b_home.png HTTP/1.1" 200 806
::1 - - [15/Jan/2012:20:15:13 +0100] "GET /phpmyadmin/themes/pmahomme/img/s_loggoff.png HTTP/1.1" 200 688
::1 - - [15/Jan/2012:20:15:13 +0100] "GET /phpmyadmin/themes/pmahomme/img/b_selboard.png HTTP/1.1" 200 698
::1 - - [15/Jan/2012:20:15:13 +0100] "GET /phpmyadmin/themes/pmahomme/img/logo_left.png HTTP/1.1" 200 4970
::1 - - [15/Jan/2012:20:15:13 +0100] "GET /phpmyadmin/themes/pmahomme/img/b_docs.png HTTP/1.1" 200 786
::1 - - [15/Jan/2012:20:15:13 +0100] "GET /phpmyadmin/themes/pmahomme/img/b_sqlhelp.png HTTP/1.1" 200 579
::1 - - [15/Jan/2012:20:15:13 +0100] "GET /phpmyadmin/themes/pmahomme/img/s_reload.png HTTP/1.1" 200 608
::1 - - [15/Jan/2012:20:15:13 +0100] "GET /phpmyadmin/themes/pmahomme/img/database.png HTTP/1.1" 200 390
::1 - - [15/Jan/2012:20:15:13 +0100] "GET /phpmyadmin/phpmyadmin.css.php?server=1&token=8c127a1932e7c5255aac7268f8c5ae7b&js_frame=right&nocache=5302262510 HTTP/1.1" 200 41672
::1 - - [15/Jan/2012:20:15:13 +0100] "GET /phpmyadmin/themes/pmahomme/img/s_notice.png HTTP/1.1" 200 666
::1 - - [15/Jan/2012:20:15:13 +0100] "GET /phpmyadmin/themes/pmahomme/img/s_host.png HTTP/1.1" 200 667
::1 - - [15/Jan/2012:20:15:13 +0100] "GET /phpmyadmin/themes/pmahomme/img/tab_bg.png HTTP/1.1" 200 160
::1 - - [15/Jan/2012:20:15:13 +0100] "GET /phpmyadmin/themes/pmahomme/img/s_db.png HTTP/1.1" 200 390
::1 - - [15/Jan/2012:20:15:13 +0100] "GET /phpmyadmin/themes/pmahomme/img/b_sql.png HTTP/1.1" 200 748
::1 - - [15/Jan/2012:20:15:13 +0100] "GET /phpmyadmin/themes/pmahomme/img/s_status.png HTTP/1.1" 200 673
::1 - - [15/Jan/2012:20:15:13 +0100] "GET /phpmyadmin/themes/pmahomme/img/s_rights.png HTTP/1.1" 200 533
::1 - - [15/Jan/2012:20:15:13 +0100] "GET /phpmyadmin/themes/pmahomme/img/s_process.png HTTP/1.1" 200 512
::1 - - [15/Jan/2012:20:15:13 +0100] "GET /phpmyadmin/themes/pmahomme/img/b_export.png HTTP/1.1" 200 641
::1 - - [15/Jan/2012:20:15:13 +0100] "GET /phpmyadmin/themes/pmahomme/img/s_asci.png HTTP/1.1" 200 209
::1 - - [15/Jan/2012:20:15:13 +0100] "GET /phpmyadmin/themes/pmahomme/img/b_import.png HTTP/1.1" 200 629
::1 - - [15/Jan/2012:20:15:13 +0100] "GET /phpmyadmin/themes/pmahomme/img/s_vars.png HTTP/1.1" 200 603
::1 - - [15/Jan/2012:20:15:13 +0100] "GET /phpmyadmin/themes/pmahomme/img/b_engine.png HTTP/1.1" 200 468
::1 - - [15/Jan/2012:20:15:13 +0100] "GET /phpmyadmin/themes/pmahomme/img/s_replication.png HTTP/1.1" 200 447
::1 - - [15/Jan/2012:20:15:13 +0100] "GET /phpmyadmin/themes/pmahomme/img/s_sync.png HTTP/1.1" 200 551
::1 - - [15/Jan/2012:20:15:13 +0100] "GET /phpmyadmin/themes/pmahomme/img/s_passwd.png HTTP/1.1" 200 435
::1 - - [15/Jan/2012:20:15:13 +0100] "GET /phpmyadmin/themes/pmahomme/img/b_tblops.png HTTP/1.1" 200 610
::1 - - [15/Jan/2012:20:15:13 +0100] "GET /phpmyadmin/themes/pmahomme/img/s_lang.png HTTP/1.1" 200 743
::1 - - [15/Jan/2012:20:15:13 +0100] "GET /phpmyadmin/themes/pmahomme/img/s_theme.png HTTP/1.1" 200 856
::1 - - [15/Jan/2012:20:15:13 +0100] "GET /phpmyadmin/themes/pmahomme/img/window-new.png HTTP/1.1" 200 583
::1 - - [15/Jan/2012:20:15:13 +0100] "GET /phpmyadmin/themes/pmahomme/img/b_more.png HTTP/1.1" 200 1002
::1 - - [15/Jan/2012:20:15:38 +0100] "GET /phpmyadmin/themes/pmahomme/img/tab_hover_bg.png HTTP/1.1" 200 1278
::1 - - [15/Jan/2012:20:15:47 +0100] "GET /phpmyadmin/index.php?token=8c127a1932e7c5255aac7268f8c5ae7b&old_usr=root HTTP/1.1" 200 7461
::1 - - [15/Jan/2012:20:15:47 +0100] "GET /phpmyadmin/phpmyadmin.css.php?server=1&token=52d0f26b0454dabeb07e671e293b11c8&js_frame=right&nocache=3975607598 HTTP/1.1" 200 41672
::1 - - [15/Jan/2012:20:15:47 +0100] "GET /phpmyadmin/js/messages.php?lang=nl&db=&token=52d0f26b0454dabeb07e671e293b11c8 HTTP/1.1" 200 5280
